Temp/gradleOut/unityLibrary/build/intermediates/manifest_merge_blame_file/release/manifest-merger-blame-release-report.txt
1<?xml version="1.0" encoding="utf-8"?>
2<!-- GENERATED BY UNITY. REMOVE THIS COMMENT TO PREVENT OVERWRITING WHEN EXPORTING AGAIN -->
3<manifest xmlns:android="http://schemas.android.com/apk/res/android"
4    xmlns:tools="http://schemas.android.com/tools"
5    package="com.unity3d.player"
6    android:versionCode="1"
7    android:versionName="1.0" >
8
9    <uses-sdk
10        android:minSdkVersion="19"
10-->src\main\AndroidManifest.xml
11        android:targetSdkVersion="30" />
11-->src\main\AndroidManifest.xml
12
13    <uses-feature android:glEsVersion="0x00020000" />
13-->src\main\AndroidManifest.xml:20:3-52
13-->src\main\AndroidManifest.xml:20:17-49
14    <uses-feature
14-->src\main\AndroidManifest.xml:21:3-88
15        android:name="android.hardware.touchscreen"
15-->src\main\AndroidManifest.xml:21:17-60
16        android:required="false" />
16-->src\main\AndroidManifest.xml:21:61-85
17    <uses-feature
17-->src\main\AndroidManifest.xml:22:3-99
18        android:name="android.hardware.touchscreen.multitouch"
18-->src\main\AndroidManifest.xml:22:17-71
19        android:required="false" />
19-->src\main\AndroidManifest.xml:22:72-96
20    <uses-feature
20-->src\main\AndroidManifest.xml:23:3-108
21        android:name="android.hardware.touchscreen.multitouch.distinct"
21-->src\main\AndroidManifest.xml:23:17-80
22        android:required="false" />
22-->src\main\AndroidManifest.xml:23:81-105
23
24    <application android:isGame="true" >
24-->src\main\AndroidManifest.xml:4:3-19:17
24-->src\main\AndroidManifest.xml:4:16-37
25        <activity
25-->src\main\AndroidManifest.xml:5:5-13:16
26            android:name="com.unity3d.player.UnityPlayerActivity"
26-->src\main\AndroidManifest.xml:5:15-68
27            android:configChanges="mcc|mnc|locale|touchscreen|keyboard|keyboardHidden|navigation|orientation|screenLayout|uiMode|screenSize|smallestScreenSize|fontScale|layoutDirection|density"
27-->src\main\AndroidManifest.xml:5:180-361
28            android:hardwareAccelerated="false"
28-->src\main\AndroidManifest.xml:5:397-432
29            android:launchMode="singleTask"
29-->src\main\AndroidManifest.xml:5:148-179
30            android:resizeableActivity="false"
30-->src\main\AndroidManifest.xml:5:362-396
31            android:screenOrientation="portrait"
31-->src\main\AndroidManifest.xml:5:111-147
32            android:theme="@style/UnityThemeSelector" >
32-->src\main\AndroidManifest.xml:5:69-110
33            <intent-filter>
33-->src\main\AndroidManifest.xml:6:7-10:23
34                <action android:name="android.intent.action.MAIN" />
34-->src\main\AndroidManifest.xml:7:9-61
34-->src\main\AndroidManifest.xml:7:17-58
35
36                <category android:name="android.intent.category.LAUNCHER" />
36-->src\main\AndroidManifest.xml:8:9-69
36-->src\main\AndroidManifest.xml:8:19-66
37                <category android:name="android.intent.category.LEANBACK_LAUNCHER" />
37-->src\main\AndroidManifest.xml:9:9-78
37-->src\main\AndroidManifest.xml:9:19-75
38            </intent-filter>
39
40            <meta-data
40-->src\main\AndroidManifest.xml:11:7-82
41                android:name="unityplayer.UnityActivity"
41-->src\main\AndroidManifest.xml:11:18-58
42                android:value="true" />
42-->src\main\AndroidManifest.xml:11:59-79
43            <meta-data
43-->src\main\AndroidManifest.xml:12:7-78
44                android:name="android.notch_support"
44-->src\main\AndroidManifest.xml:12:18-54
45                android:value="true" />
45-->src\main\AndroidManifest.xml:12:55-75
46        </activity>
47
48        <meta-data
48-->src\main\AndroidManifest.xml:14:5-69
49            android:name="unity.splash-mode"
49-->src\main\AndroidManifest.xml:14:16-48
50            android:value="0" />
50-->src\main\AndroidManifest.xml:14:49-66
51        <meta-data
51-->src\main\AndroidManifest.xml:15:5-74
52            android:name="unity.splash-enable"
52-->src\main\AndroidManifest.xml:15:16-50
53            android:value="True" />
53-->src\main\AndroidManifest.xml:15:51-71
54        <meta-data
54-->src\main\AndroidManifest.xml:16:5-84
55            android:name="unity.allow-resizable-window"
55-->src\main\AndroidManifest.xml:16:16-59
56            android:value="False" />
56-->src\main\AndroidManifest.xml:16:60-81
57        <meta-data
57-->src\main\AndroidManifest.xml:17:5-81
58            android:name="notch.config"
58-->src\main\AndroidManifest.xml:17:16-43
59            android:value="portrait|landscape" />
59-->src\main\AndroidManifest.xml:17:44-78
60        <meta-data
60-->src\main\AndroidManifest.xml:18:5-101
61            android:name="unity.build-id"
61-->src\main\AndroidManifest.xml:18:16-45
62            android:value="2fc60ac8-cfc1-4339-a198-c9cac2ec7c1c" />
62-->src\main\AndroidManifest.xml:18:46-98
63    </application>
64
65</manifest>